<?xml version="1.0" encoding="UTF-8"?>
<robot generator="Robot 7.0 (Python 3.11.9 on win32)" generated="2026-02-14T21:13:59.210267" rpa="false" schemaversion="5">
<suite id="s1" name="Flow" source="C:\Users\Asus FA506\Desktop\robot-ui\testCases\flow">
<suite id="s1-s1" name="Test" source="C:\Users\Asus FA506\Desktop\robot-ui\testCases\flow\test.robot">
<kw name="Setup Test Data" owner="common_keyword" type="SETUP">
<kw name="Read JSON File" owner="common_keyword">
<kw name="Get File" owner="OperatingSystem">
<msg time="2026-02-14T21:13:59.758656" level="INFO" html="true">Getting file '&lt;a href="file://C:\Users\Asus FA506\Desktop\robot-ui\resources\expectedResult\expected_login_page.json"&gt;C:\Users\Asus FA506\Desktop\robot-ui\resources\expectedResult\expected_login_page.json&lt;/a&gt;'.</msg>
<msg time="2026-02-14T21:13:59.759658" level="INFO">${json_string} = {
    "title": "Login Page",
    "description": "This is where you can log into the secure area. Enter tomsmith for the username and SuperSecretPassword! for the password. If the information is wrong ...</msg>
<var>${json_string}</var>
<arg>${file_path}</arg>
<doc>Returns the contents of a specified file.</doc>
<status status="PASS" start="2026-02-14T21:13:59.758656" elapsed="0.001002"/>
</kw>
<kw name="Evaluate" owner="BuiltIn">
<msg time="2026-02-14T21:13:59.759658" level="INFO">${json_data} = {'title': 'Login Page', 'description': 'This is where you can log into the secure area. Enter tomsmith for the username and SuperSecretPassword! for the password. If the information is wrong you shoul...</msg>
<var>${json_data}</var>
<arg>json.loads('''${json_string}''')</arg>
<arg>json</arg>
<doc>Evaluates the given expression in Python and returns the result.</doc>
<status status="PASS" start="2026-02-14T21:13:59.759658" elapsed="0.000000"/>
</kw>
<return>
<value>${json_data}</value>
<status status="PASS" start="2026-02-14T21:13:59.759658" elapsed="0.000000"/>
</return>
<msg time="2026-02-14T21:13:59.759658" level="INFO">${expected_login_page} = {'title': 'Login Page', 'description': 'This is where you can log into the secure area. Enter tomsmith for the username and SuperSecretPassword! for the password. If the information is wrong you shoul...</msg>
<var>${expected_login_page}</var>
<arg>C:\\Users\\Asus FA506\\Desktop\\robot-ui\\resources\\keywords/../expectedResult/expected_login_page.json</arg>
<doc>Read and return JSON file content as dictionary</doc>
<status status="PASS" start="2026-02-14T21:13:59.758153" elapsed="0.001505"/>
</kw>
<kw name="Read JSON File" owner="common_keyword">
<kw name="Get File" owner="OperatingSystem">
<msg time="2026-02-14T21:13:59.761042" level="INFO" html="true">Getting file '&lt;a href="file://C:\Users\Asus FA506\Desktop\robot-ui\resources\expectedResult\expected_login_success_page.json"&gt;C:\Users\Asus FA506\Desktop\robot-ui\resources\expectedResult\expected_login_success_page.json&lt;/a&gt;'.</msg>
<msg time="2026-02-14T21:13:59.761042" level="INFO">${json_string} = {
    "title": "Secure Area",
    "description": "Welcome to the Secure Area. When you are done click logout below.",
    "logout_button": "Logout",
    "message": "You logged into a secure area!"
}</msg>
<var>${json_string}</var>
<arg>${file_path}</arg>
<doc>Returns the contents of a specified file.</doc>
<status status="PASS" start="2026-02-14T21:13:59.761042" elapsed="0.000000"/>
</kw>
<kw name="Evaluate" owner="BuiltIn">
<msg time="2026-02-14T21:13:59.762045" level="INFO">${json_data} = {'title': 'Secure Area', 'description': 'Welcome to the Secure Area. When you are done click logout below.', 'logout_button': 'Logout', 'message': 'You logged into a secure area!'}</msg>
<var>${json_data}</var>
<arg>json.loads('''${json_string}''')</arg>
<arg>json</arg>
<doc>Evaluates the given expression in Python and returns the result.</doc>
<status status="PASS" start="2026-02-14T21:13:59.762045" elapsed="0.000000"/>
</kw>
<return>
<value>${json_data}</value>
<status status="PASS" start="2026-02-14T21:13:59.762045" elapsed="0.000000"/>
</return>
<msg time="2026-02-14T21:13:59.762045" level="INFO">${expected_login_success_page} = {'title': 'Secure Area', 'description': 'Welcome to the Secure Area. When you are done click logout below.', 'logout_button': 'Logout', 'message': 'You logged into a secure area!'}</msg>
<var>${expected_login_success_page}</var>
<arg>C:\\Users\\Asus FA506\\Desktop\\robot-ui\\resources\\keywords/../expectedResult/expected_login_success_page.json</arg>
<doc>Read and return JSON file content as dictionary</doc>
<status status="PASS" start="2026-02-14T21:13:59.761042" elapsed="0.001003"/>
</kw>
<kw name="Read JSON File" owner="common_keyword">
<kw name="Get File" owner="OperatingSystem">
<msg time="2026-02-14T21:13:59.763046" level="INFO" html="true">Getting file '&lt;a href="file://C:\Users\Asus FA506\Desktop\robot-ui\resources\dataTest\login_page.json"&gt;C:\Users\Asus FA506\Desktop\robot-ui\resources\dataTest\login_page.json&lt;/a&gt;'.</msg>
<msg time="2026-02-14T21:13:59.763046" level="INFO">${json_string} = {
    "valid_username": "tomsmith",
    "valid_password": "SuperSecretPassword!",
    "invalid_username": "tomholland",
    "invalid_password": "Password!"
}</msg>
<var>${json_string}</var>
<arg>${file_path}</arg>
<doc>Returns the contents of a specified file.</doc>
<status status="PASS" start="2026-02-14T21:13:59.763046" elapsed="0.000000"/>
</kw>
<kw name="Evaluate" owner="BuiltIn">
<msg time="2026-02-14T21:13:59.764271" level="INFO">${json_data} = {'valid_username': 'tomsmith', 'valid_password': 'SuperSecretPassword!', 'invalid_username': 'tomholland', 'invalid_password': 'Password!'}</msg>
<var>${json_data}</var>
<arg>json.loads('''${json_string}''')</arg>
<arg>json</arg>
<doc>Evaluates the given expression in Python and returns the result.</doc>
<status status="PASS" start="2026-02-14T21:13:59.764271" elapsed="0.000000"/>
</kw>
<return>
<value>${json_data}</value>
<status status="PASS" start="2026-02-14T21:13:59.764271" elapsed="0.000000"/>
</return>
<msg time="2026-02-14T21:13:59.764271" level="INFO">${login_data_test} = {'valid_username': 'tomsmith', 'valid_password': 'SuperSecretPassword!', 'invalid_username': 'tomholland', 'invalid_password': 'Password!'}</msg>
<var>${login_data_test}</var>
<arg>C:\\Users\\Asus FA506\\Desktop\\robot-ui\\resources\\keywords/../dataTest/login_page.json</arg>
<doc>Read and return JSON file content as dictionary</doc>
<status status="PASS" start="2026-02-14T21:13:59.763046" elapsed="0.001225"/>
</kw>
<kw name="Set Suite Variable" owner="BuiltIn">
<msg time="2026-02-14T21:13:59.765299" level="INFO">${expected_login_page} = {'title': 'Login Page', 'description': 'This is where you can log into the secure area. Enter tomsmith for the username and SuperSecretPassword! for the password. If the information is wrong you shoul...</msg>
<arg>${expected_login_page}</arg>
<doc>Makes a variable available everywhere within the scope of the current suite.</doc>
<status status="PASS" start="2026-02-14T21:13:59.764271" elapsed="0.001028"/>
</kw>
<kw name="Set Suite Variable" owner="BuiltIn">
<msg time="2026-02-14T21:13:59.765299" level="INFO">${expected_login_success_page} = {'title': 'Secure Area', 'description': 'Welcome to the Secure Area. When you are done click logout below.', 'logout_button': 'Logout', 'message': 'You logged into a secure area!'}</msg>
<arg>${expected_login_success_page}</arg>
<doc>Makes a variable available everywhere within the scope of the current suite.</doc>
<status status="PASS" start="2026-02-14T21:13:59.765299" elapsed="0.000000"/>
</kw>
<kw name="Set Suite Variable" owner="BuiltIn">
<msg time="2026-02-14T21:13:59.765299" level="INFO">${login_data_test} = {'valid_username': 'tomsmith', 'valid_password': 'SuperSecretPassword!', 'invalid_username': 'tomholland', 'invalid_password': 'Password!'}</msg>
<arg>${login_data_test}</arg>
<doc>Makes a variable available everywhere within the scope of the current suite.</doc>
<status status="PASS" start="2026-02-14T21:13:59.765299" elapsed="0.000000"/>
</kw>
<doc>Load JSON files for test data</doc>
<status status="PASS" start="2026-02-14T21:13:59.757152" elapsed="0.008147"/>
</kw>
<test id="s1-s1-t1" name="Login and Logout successfully" line="14">
<kw name="Open Browser by chrome" owner="common_keyword" type="SETUP">
<kw name="Open Browser" owner="SeleniumLibrary">
<msg time="2026-02-14T21:13:59.766320" level="INFO">Opening browser 'chrome' to base url 'https://the-internet.herokuapp.com/login'.</msg>
<arg>${URL}</arg>
<arg>${BROWSER}</arg>
<doc>Opens a new browser instance to the optional ``url``.</doc>
<status status="PASS" start="2026-02-14T21:13:59.766320" elapsed="8.367775"/>
</kw>
<kw name="Maximize Browser Window" owner="SeleniumLibrary">
<doc>Maximizes current browser window.</doc>
<status status="PASS" start="2026-02-14T21:14:08.134095" elapsed="0.045605"/>
</kw>
<status status="PASS" start="2026-02-14T21:13:59.766320" elapsed="8.413380"/>
</kw>
<kw name="Verify Login Page Elements" owner="login_keyword">
<kw name="Wait Until Element Is Visible" owner="SeleniumLibrary">
<arg>${login_page}[title]</arg>
<doc>Waits until the element ``locator`` is visible.</doc>
<status status="PASS" start="2026-02-14T21:14:08.181171" elapsed="0.026654"/>
</kw>
<kw name="Wait Until Element Contains" owner="SeleniumLibrary">
<arg>${login_page}[title]</arg>
<arg>${expectedResult}[title]</arg>
<doc>Waits until the element ``locator`` contains ``text``.</doc>
<status status="PASS" start="2026-02-14T21:14:08.207825" elapsed="0.020626"/>
</kw>
<kw name="Wait Until Element Is Visible" owner="SeleniumLibrary">
<arg>${login_page}[description]</arg>
<doc>Waits until the element ``locator`` is visible.</doc>
<status status="PASS" start="2026-02-14T21:14:08.228451" elapsed="0.018881"/>
</kw>
<kw name="Wait Until Element Contains" owner="SeleniumLibrary">
<arg>${login_page}[description]</arg>
<arg>${expectedResult}[description]</arg>
<doc>Waits until the element ``locator`` contains ``text``.</doc>
<status status="PASS" start="2026-02-14T21:14:08.247332" elapsed="0.013818"/>
</kw>
<kw name="Wait Until Element Is Visible" owner="SeleniumLibrary">
<arg>${login_page}[username_label]</arg>
<doc>Waits until the element ``locator`` is visible.</doc>
<status status="PASS" start="2026-02-14T21:14:08.261150" elapsed="0.017104"/>
</kw>
<kw name="Wait Until Element Contains" owner="SeleniumLibrary">
<arg>${login_page}[username_label]</arg>
<arg>${expectedResult}[username_label]</arg>
<doc>Waits until the element ``locator`` contains ``text``.</doc>
<status status="PASS" start="2026-02-14T21:14:08.278254" elapsed="0.013816"/>
</kw>
<kw name="Wait Until Element Is Visible" owner="SeleniumLibrary">
<arg>${login_page}[username_field]</arg>
<doc>Waits until the element ``locator`` is visible.</doc>
<status status="PASS" start="2026-02-14T21:14:08.292070" elapsed="0.021130"/>
</kw>
<kw name="Wait Until Element Is Visible" owner="SeleniumLibrary">
<arg>${login_page}[password_label]</arg>
<doc>Waits until the element ``locator`` is visible.</doc>
<status status="PASS" start="2026-02-14T21:14:08.313200" elapsed="0.020119"/>
</kw>
<kw name="Wait Until Element Contains" owner="SeleniumLibrary">
<arg>${login_page}[password_label]</arg>
<arg>${expectedResult}[password_label]</arg>
<doc>Waits until the element ``locator`` contains ``text``.</doc>
<status status="PASS" start="2026-02-14T21:14:08.334321" elapsed="0.012722"/>
</kw>
<kw name="Wait Until Element Is Visible" owner="SeleniumLibrary">
<arg>${login_page}[password_field]</arg>
<doc>Waits until the element ``locator`` is visible.</doc>
<status status="PASS" start="2026-02-14T21:14:08.347043" elapsed="0.016740"/>
</kw>
<kw name="Wait Until Element Is Visible" owner="SeleniumLibrary">
<arg>${login_page}[login_button]</arg>
<doc>Waits until the element ``locator`` is visible.</doc>
<status status="PASS" start="2026-02-14T21:14:08.364804" elapsed="0.016677"/>
</kw>
<kw name="Wait Until Element Contains" owner="SeleniumLibrary">
<arg>${login_page}[login_button]</arg>
<arg>${expectedResult}[login_button]</arg>
<doc>Waits until the element ``locator`` contains ``text``.</doc>
<status status="PASS" start="2026-02-14T21:14:08.382733" elapsed="0.014680"/>
</kw>
<arg>${expected_login_page}</arg>
<doc>Verify that all elements on the login page are visible</doc>
<status status="PASS" start="2026-02-14T21:14:08.179700" elapsed="0.217713"/>
</kw>
<kw name="Login with username and password" owner="login_keyword">
<kw name="Input Text" owner="SeleniumLibrary">
<msg time="2026-02-14T21:14:08.398424" level="INFO">Typing text 'tomsmith' into text field '//input[@id='username']'.</msg>
<arg>${login_page}[username_field]</arg>
<arg>${username}</arg>
<doc>Types the given ``text`` into the text field identified by ``locator``.</doc>
<status status="PASS" start="2026-02-14T21:14:08.398424" elapsed="0.087009"/>
</kw>
<kw name="Input Text" owner="SeleniumLibrary">
<msg time="2026-02-14T21:14:08.486432" level="INFO">Typing text 'SuperSecretPassword!' into text field '//input[@id='password']'.</msg>
<arg>${login_page}[password_field]</arg>
<arg>${password}</arg>
<doc>Types the given ``text`` into the text field identified by ``locator``.</doc>
<status status="PASS" start="2026-02-14T21:14:08.485433" elapsed="0.081312"/>
</kw>
<kw name="Click Button" owner="SeleniumLibrary">
<msg time="2026-02-14T21:14:08.566745" level="INFO">Clicking button '//button[@type='submit']'.</msg>
<arg>${login_page}[login_button]</arg>
<doc>Clicks the button identified by ``locator``.</doc>
<status status="PASS" start="2026-02-14T21:14:08.566745" elapsed="0.693459"/>
</kw>
<arg>${login_data_test}[valid_username]</arg>
<arg>${login_data_test}[valid_password]</arg>
<doc>Test login functionality with valid credentials</doc>
<status status="PASS" start="2026-02-14T21:14:08.398424" elapsed="0.861780"/>
</kw>
<kw name="Verify Login Success Page Elements" owner="login_success_keyword">
<kw name="Wait Until Element Is Visible" owner="SeleniumLibrary">
<arg>${login_success_page}[message]</arg>
<doc>Waits until the element ``locator`` is visible.</doc>
<status status="PASS" start="2026-02-14T21:14:09.261632" elapsed="0.022027"/>
</kw>
<kw name="Wait Until Element Contains" owner="SeleniumLibrary">
<arg>${login_success_page}[message]</arg>
<arg>${expectedResult}[message]</arg>
<doc>Waits until the element ``locator`` contains ``text``.</doc>
<status status="PASS" start="2026-02-14T21:14:09.284672" elapsed="0.012744"/>
</kw>
<kw name="Wait Until Element Is Visible" owner="SeleniumLibrary">
<arg>${login_success_page}[title]</arg>
<doc>Waits until the element ``locator`` is visible.</doc>
<status status="PASS" start="2026-02-14T21:14:09.297416" elapsed="0.013291"/>
</kw>
<kw name="Wait Until Element Contains" owner="SeleniumLibrary">
<arg>${login_success_page}[title]</arg>
<arg>${expectedResult}[title]</arg>
<doc>Waits until the element ``locator`` contains ``text``.</doc>
<status status="PASS" start="2026-02-14T21:14:09.311724" elapsed="0.010626"/>
</kw>
<kw name="Wait Until Element Is Visible" owner="SeleniumLibrary">
<arg>${login_success_page}[description]</arg>
<doc>Waits until the element ``locator`` is visible.</doc>
<status status="PASS" start="2026-02-14T21:14:09.322350" elapsed="0.013795"/>
</kw>
<kw name="Wait Until Element Contains" owner="SeleniumLibrary">
<arg>${login_success_page}[description]</arg>
<arg>${expectedResult}[description]</arg>
<doc>Waits until the element ``locator`` contains ``text``.</doc>
<status status="PASS" start="2026-02-14T21:14:09.337155" elapsed="0.011655"/>
</kw>
<kw name="Wait Until Element Is Visible" owner="SeleniumLibrary">
<arg>${login_success_page}[logout_button]</arg>
<doc>Waits until the element ``locator`` is visible.</doc>
<status status="PASS" start="2026-02-14T21:14:09.348810" elapsed="0.015672"/>
</kw>
<kw name="Wait Until Element Contains" owner="SeleniumLibrary">
<arg>${login_success_page}[logout_button]</arg>
<arg>${expectedResult}[logout_button]</arg>
<doc>Waits until the element ``locator`` contains ``text``.</doc>
<status status="PASS" start="2026-02-14T21:14:09.364482" elapsed="0.012507"/>
</kw>
<arg>${expected_login_success_page}</arg>
<doc>Verify that all elements on the login success page are visible</doc>
<status status="PASS" start="2026-02-14T21:14:09.261632" elapsed="0.115357"/>
</kw>
<kw name="Click Logout Button" owner="login_success_keyword">
<kw name="Click Element" owner="SeleniumLibrary">
<msg time="2026-02-14T21:14:09.377996" level="INFO">Clicking element '//*[@id="content"]/div/a'.</msg>
<arg>${login_success_page}[logout_button]</arg>
<doc>Click the element identified by ``locator``.</doc>
<status status="PASS" start="2026-02-14T21:14:09.377996" elapsed="0.677169"/>
</kw>
<doc>Click the logout button on the login success page</doc>
<status status="PASS" start="2026-02-14T21:14:09.376989" elapsed="0.678176"/>
</kw>
<kw name="Verify Login Page Elements After Logout Successfully" owner="login_keyword">
<kw name="Wait Until Element Is Visible" owner="SeleniumLibrary">
<arg>${login_page}[message]</arg>
<doc>Waits until the element ``locator`` is visible.</doc>
<status status="PASS" start="2026-02-14T21:14:10.056167" elapsed="0.014493"/>
</kw>
<kw name="Wait Until Element Contains" owner="SeleniumLibrary">
<arg>${login_page}[message]</arg>
<arg>${expectedResult}[message][logout]</arg>
<doc>Waits until the element ``locator`` contains ``text``.</doc>
<status status="PASS" start="2026-02-14T21:14:10.071679" elapsed="0.010873"/>
</kw>
<kw name="Wait Until Element Is Visible" owner="SeleniumLibrary">
<arg>${login_page}[title]</arg>
<doc>Waits until the element ``locator`` is visible.</doc>
<status status="PASS" start="2026-02-14T21:14:10.082552" elapsed="0.012219"/>
</kw>
<kw name="Wait Until Element Contains" owner="SeleniumLibrary">
<arg>${login_page}[title]</arg>
<arg>${expectedResult}[title]</arg>
<doc>Waits until the element ``locator`` contains ``text``.</doc>
<status status="PASS" start="2026-02-14T21:14:10.094771" elapsed="0.014887"/>
</kw>
<kw name="Wait Until Element Is Visible" owner="SeleniumLibrary">
<arg>${login_page}[description]</arg>
<doc>Waits until the element ``locator`` is visible.</doc>
<status status="PASS" start="2026-02-14T21:14:10.109658" elapsed="0.010772"/>
</kw>
<kw name="Wait Until Element Contains" owner="SeleniumLibrary">
<arg>${login_page}[description]</arg>
<arg>${expectedResult}[description]</arg>
<doc>Waits until the element ``locator`` contains ``text``.</doc>
<status status="PASS" start="2026-02-14T21:14:10.121572" elapsed="0.012314"/>
</kw>
<kw name="Wait Until Element Is Visible" owner="SeleniumLibrary">
<arg>${login_page}[username_label]</arg>
<doc>Waits until the element ``locator`` is visible.</doc>
<status status="PASS" start="2026-02-14T21:14:10.133886" elapsed="0.011791"/>
</kw>
<kw name="Wait Until Element Contains" owner="SeleniumLibrary">
<arg>${login_page}[username_label]</arg>
<arg>${expectedResult}[username_label]</arg>
<doc>Waits until the element ``locator`` contains ``text``.</doc>
<status status="PASS" start="2026-02-14T21:14:10.145677" elapsed="0.011444"/>
</kw>
<kw name="Wait Until Element Is Visible" owner="SeleniumLibrary">
<arg>${login_page}[username_field]</arg>
<doc>Waits until the element ``locator`` is visible.</doc>
<status status="PASS" start="2026-02-14T21:14:10.157121" elapsed="0.012378"/>
</kw>
<kw name="Wait Until Element Is Visible" owner="SeleniumLibrary">
<arg>${login_page}[password_label]</arg>
<doc>Waits until the element ``locator`` is visible.</doc>
<status status="PASS" start="2026-02-14T21:14:10.169499" elapsed="0.011458"/>
</kw>
<kw name="Wait Until Element Contains" owner="SeleniumLibrary">
<arg>${login_page}[password_label]</arg>
<arg>${expectedResult}[password_label]</arg>
<doc>Waits until the element ``locator`` contains ``text``.</doc>
<status status="PASS" start="2026-02-14T21:14:10.180957" elapsed="0.011756"/>
</kw>
<kw name="Wait Until Element Is Visible" owner="SeleniumLibrary">
<arg>${login_page}[password_field]</arg>
<doc>Waits until the element ``locator`` is visible.</doc>
<status status="PASS" start="2026-02-14T21:14:10.192713" elapsed="0.014834"/>
</kw>
<kw name="Wait Until Element Is Visible" owner="SeleniumLibrary">
<arg>${login_page}[login_button]</arg>
<doc>Waits until the element ``locator`` is visible.</doc>
<status status="PASS" start="2026-02-14T21:14:10.208557" elapsed="0.013697"/>
</kw>
<kw name="Wait Until Element Contains" owner="SeleniumLibrary">
<arg>${login_page}[login_button]</arg>
<arg>${expectedResult}[login_button]</arg>
<doc>Waits until the element ``locator`` contains ``text``.</doc>
<status status="PASS" start="2026-02-14T21:14:10.222254" elapsed="0.011442"/>
</kw>
<arg>${expected_login_page}</arg>
<doc>Verify that all elements on the login page are visible</doc>
<status status="PASS" start="2026-02-14T21:14:10.056167" elapsed="0.177529"/>
</kw>
<kw name="Close Browser" owner="SeleniumLibrary" type="TEARDOWN">
<doc>Closes the current browser.</doc>
<status status="PASS" start="2026-02-14T21:14:10.233696" elapsed="2.119231"/>
</kw>
<doc>Test login and logout functionality with valid credentials</doc>
<status status="PASS" start="2026-02-14T21:13:59.765299" elapsed="12.587628"/>
</test>
<test id="s1-s1-t2" name="Login failed with invalid username" line="23">
<kw name="Open Browser by chrome" owner="common_keyword" type="SETUP">
<kw name="Open Browser" owner="SeleniumLibrary">
<msg time="2026-02-14T21:14:12.356339" level="INFO">Opening browser 'chrome' to base url 'https://the-internet.herokuapp.com/login'.</msg>
<arg>${URL}</arg>
<arg>${BROWSER}</arg>
<doc>Opens a new browser instance to the optional ``url``.</doc>
<status status="PASS" start="2026-02-14T21:14:12.355245" elapsed="7.155941"/>
</kw>
<kw name="Maximize Browser Window" owner="SeleniumLibrary">
<doc>Maximizes current browser window.</doc>
<status status="PASS" start="2026-02-14T21:14:19.511186" elapsed="0.051066"/>
</kw>
<status status="PASS" start="2026-02-14T21:14:12.355245" elapsed="7.208094"/>
</kw>
<kw name="Verify Login Page Elements" owner="login_keyword">
<kw name="Wait Until Element Is Visible" owner="SeleniumLibrary">
<arg>${login_page}[title]</arg>
<doc>Waits until the element ``locator`` is visible.</doc>
<status status="PASS" start="2026-02-14T21:14:19.564429" elapsed="0.026149"/>
</kw>
<kw name="Wait Until Element Contains" owner="SeleniumLibrary">
<arg>${login_page}[title]</arg>
<arg>${expectedResult}[title]</arg>
<doc>Waits until the element ``locator`` contains ``text``.</doc>
<status status="PASS" start="2026-02-14T21:14:19.590578" elapsed="0.025109"/>
</kw>
<kw name="Wait Until Element Is Visible" owner="SeleniumLibrary">
<arg>${login_page}[description]</arg>
<doc>Waits until the element ``locator`` is visible.</doc>
<status status="PASS" start="2026-02-14T21:14:19.616699" elapsed="0.022299"/>
</kw>
<kw name="Wait Until Element Contains" owner="SeleniumLibrary">
<arg>${login_page}[description]</arg>
<arg>${expectedResult}[description]</arg>
<doc>Waits until the element ``locator`` contains ``text``.</doc>
<status status="PASS" start="2026-02-14T21:14:19.638998" elapsed="0.015825"/>
</kw>
<kw name="Wait Until Element Is Visible" owner="SeleniumLibrary">
<arg>${login_page}[username_label]</arg>
<doc>Waits until the element ``locator`` is visible.</doc>
<status status="PASS" start="2026-02-14T21:14:19.654823" elapsed="0.020981"/>
</kw>
<kw name="Wait Until Element Contains" owner="SeleniumLibrary">
<arg>${login_page}[username_label]</arg>
<arg>${expectedResult}[username_label]</arg>
<doc>Waits until the element ``locator`` contains ``text``.</doc>
<status status="PASS" start="2026-02-14T21:14:19.675804" elapsed="0.016038"/>
</kw>
<kw name="Wait Until Element Is Visible" owner="SeleniumLibrary">
<arg>${login_page}[username_field]</arg>
<doc>Waits until the element ``locator`` is visible.</doc>
<status status="PASS" start="2026-02-14T21:14:19.692842" elapsed="0.036506"/>
</kw>
<kw name="Wait Until Element Is Visible" owner="SeleniumLibrary">
<arg>${login_page}[password_label]</arg>
<doc>Waits until the element ``locator`` is visible.</doc>
<status status="PASS" start="2026-02-14T21:14:19.729348" elapsed="0.021496"/>
</kw>
<kw name="Wait Until Element Contains" owner="SeleniumLibrary">
<arg>${login_page}[password_label]</arg>
<arg>${expectedResult}[password_label]</arg>
<doc>Waits until the element ``locator`` contains ``text``.</doc>
<status status="PASS" start="2026-02-14T21:14:19.750844" elapsed="0.019183"/>
</kw>
<kw name="Wait Until Element Is Visible" owner="SeleniumLibrary">
<arg>${login_page}[password_field]</arg>
<doc>Waits until the element ``locator`` is visible.</doc>
<status status="PASS" start="2026-02-14T21:14:19.770027" elapsed="0.022389"/>
</kw>
<kw name="Wait Until Element Is Visible" owner="SeleniumLibrary">
<arg>${login_page}[login_button]</arg>
<doc>Waits until the element ``locator`` is visible.</doc>
<status status="PASS" start="2026-02-14T21:14:19.792416" elapsed="0.017317"/>
</kw>
<kw name="Wait Until Element Contains" owner="SeleniumLibrary">
<arg>${login_page}[login_button]</arg>
<arg>${expectedResult}[login_button]</arg>
<doc>Waits until the element ``locator`` contains ``text``.</doc>
<status status="PASS" start="2026-02-14T21:14:19.810738" elapsed="0.016208"/>
</kw>
<arg>${expected_login_page}</arg>
<doc>Verify that all elements on the login page are visible</doc>
<status status="PASS" start="2026-02-14T21:14:19.563339" elapsed="0.263607"/>
</kw>
<kw name="Login with username and password" owner="login_keyword">
<kw name="Input Text" owner="SeleniumLibrary">
<msg time="2026-02-14T21:14:19.827989" level="INFO">Typing text 'tomholland' into text field '//input[@id='username']'.</msg>
<arg>${login_page}[username_field]</arg>
<arg>${username}</arg>
<doc>Types the given ``text`` into the text field identified by ``locator``.</doc>
<status status="PASS" start="2026-02-14T21:14:19.827989" elapsed="0.112573"/>
</kw>
<kw name="Input Text" owner="SeleniumLibrary">
<msg time="2026-02-14T21:14:19.941588" level="INFO">Typing text 'SuperSecretPassword!' into text field '//input[@id='password']'.</msg>
<arg>${login_page}[password_field]</arg>
<arg>${password}</arg>
<doc>Types the given ``text`` into the text field identified by ``locator``.</doc>
<status status="PASS" start="2026-02-14T21:14:19.940562" elapsed="0.120023"/>
</kw>
<kw name="Click Button" owner="SeleniumLibrary">
<msg time="2026-02-14T21:14:20.061585" level="INFO">Clicking button '//button[@type='submit']'.</msg>
<arg>${login_page}[login_button]</arg>
<doc>Clicks the button identified by ``locator``.</doc>
<status status="PASS" start="2026-02-14T21:14:20.061585" elapsed="0.857533"/>
</kw>
<arg>${login_data_test}[invalid_username]</arg>
<arg>${login_data_test}[valid_password]</arg>
<doc>Test login functionality with valid credentials</doc>
<status status="PASS" start="2026-02-14T21:14:19.826946" elapsed="1.092172"/>
</kw>
<kw name="Verify Login Page Elements After Login With Username Failed" owner="login_keyword">
<kw name="Wait Until Element Is Visible" owner="SeleniumLibrary">
<arg>${login_page}[message]</arg>
<doc>Waits until the element ``locator`` is visible.</doc>
<status status="PASS" start="2026-02-14T21:14:20.921291" elapsed="0.029259"/>
</kw>
<kw name="Wait Until Element Contains" owner="SeleniumLibrary">
<arg>${login_page}[message]</arg>
<arg>${expectedResult}[message][invalid_username]</arg>
<doc>Waits until the element ``locator`` contains ``text``.</doc>
<status status="PASS" start="2026-02-14T21:14:20.950550" elapsed="0.019480"/>
</kw>
<kw name="Wait Until Element Is Visible" owner="SeleniumLibrary">
<arg>${login_page}[title]</arg>
<doc>Waits until the element ``locator`` is visible.</doc>
<status status="PASS" start="2026-02-14T21:14:20.970030" elapsed="0.015714"/>
</kw>
<kw name="Wait Until Element Contains" owner="SeleniumLibrary">
<arg>${login_page}[title]</arg>
<arg>${expectedResult}[title]</arg>
<doc>Waits until the element ``locator`` contains ``text``.</doc>
<status status="PASS" start="2026-02-14T21:14:20.985744" elapsed="0.012857"/>
</kw>
<kw name="Wait Until Element Is Visible" owner="SeleniumLibrary">
<arg>${login_page}[description]</arg>
<doc>Waits until the element ``locator`` is visible.</doc>
<status status="PASS" start="2026-02-14T21:14:20.998601" elapsed="0.015868"/>
</kw>
<kw name="Wait Until Element Contains" owner="SeleniumLibrary">
<arg>${login_page}[description]</arg>
<arg>${expectedResult}[description]</arg>
<doc>Waits until the element ``locator`` contains ``text``.</doc>
<status status="PASS" start="2026-02-14T21:14:21.014469" elapsed="0.013308"/>
</kw>
<kw name="Wait Until Element Is Visible" owner="SeleniumLibrary">
<arg>${login_page}[username_label]</arg>
<doc>Waits until the element ``locator`` is visible.</doc>
<status status="PASS" start="2026-02-14T21:14:21.027777" elapsed="0.015420"/>
</kw>
<kw name="Wait Until Element Contains" owner="SeleniumLibrary">
<arg>${login_page}[username_label]</arg>
<arg>${expectedResult}[username_label]</arg>
<doc>Waits until the element ``locator`` contains ``text``.</doc>
<status status="PASS" start="2026-02-14T21:14:21.043197" elapsed="0.012547"/>
</kw>
<kw name="Wait Until Element Is Visible" owner="SeleniumLibrary">
<arg>${login_page}[username_field]</arg>
<doc>Waits until the element ``locator`` is visible.</doc>
<status status="PASS" start="2026-02-14T21:14:21.056751" elapsed="0.015020"/>
</kw>
<kw name="Wait Until Element Is Visible" owner="SeleniumLibrary">
<arg>${login_page}[password_label]</arg>
<doc>Waits until the element ``locator`` is visible.</doc>
<status status="PASS" start="2026-02-14T21:14:21.071771" elapsed="0.012169"/>
</kw>
<kw name="Wait Until Element Contains" owner="SeleniumLibrary">
<arg>${login_page}[password_label]</arg>
<arg>${expectedResult}[password_label]</arg>
<doc>Waits until the element ``locator`` contains ``text``.</doc>
<status status="PASS" start="2026-02-14T21:14:21.085445" elapsed="0.013278"/>
</kw>
<kw name="Wait Until Element Is Visible" owner="SeleniumLibrary">
<arg>${login_page}[password_field]</arg>
<doc>Waits until the element ``locator`` is visible.</doc>
<status status="PASS" start="2026-02-14T21:14:21.098723" elapsed="0.013453"/>
</kw>
<kw name="Wait Until Element Is Visible" owner="SeleniumLibrary">
<arg>${login_page}[login_button]</arg>
<doc>Waits until the element ``locator`` is visible.</doc>
<status status="PASS" start="2026-02-14T21:14:21.112176" elapsed="0.013427"/>
</kw>
<kw name="Wait Until Element Contains" owner="SeleniumLibrary">
<arg>${login_page}[login_button]</arg>
<arg>${expectedResult}[login_button]</arg>
<doc>Waits until the element ``locator`` contains ``text``.</doc>
<status status="PASS" start="2026-02-14T21:14:21.126602" elapsed="0.011987"/>
</kw>
<arg>${expected_login_page}</arg>
<doc>Verify that all elements on the login page are visible</doc>
<status status="PASS" start="2026-02-14T21:14:20.920273" elapsed="0.219589"/>
</kw>
<kw name="Close Browser" owner="SeleniumLibrary" type="TEARDOWN">
<doc>Closes the current browser.</doc>
<status status="PASS" start="2026-02-14T21:14:21.139862" elapsed="2.180110"/>
</kw>
<doc>Test login functionality with invalid username</doc>
<status status="PASS" start="2026-02-14T21:14:12.354235" elapsed="10.965737"/>
</test>
<test id="s1-s1-t3" name="Login failed with invalid password" line="29">
<kw name="Open Browser by chrome" owner="common_keyword" type="SETUP">
<kw name="Open Browser" owner="SeleniumLibrary">
<msg time="2026-02-14T21:14:23.322076" level="INFO">Opening browser 'chrome' to base url 'https://the-internet.herokuapp.com/login'.</msg>
<arg>${URL}</arg>
<arg>${BROWSER}</arg>
<doc>Opens a new browser instance to the optional ``url``.</doc>
<status status="PASS" start="2026-02-14T21:14:23.321072" elapsed="7.428411"/>
</kw>
<kw name="Maximize Browser Window" owner="SeleniumLibrary">
<doc>Maximizes current browser window.</doc>
<status status="PASS" start="2026-02-14T21:14:30.750506" elapsed="0.060568"/>
</kw>
<status status="PASS" start="2026-02-14T21:14:23.321072" elapsed="7.490002"/>
</kw>
<kw name="Verify Login Page Elements" owner="login_keyword">
<kw name="Wait Until Element Is Visible" owner="SeleniumLibrary">
<arg>${login_page}[title]</arg>
<doc>Waits until the element ``locator`` is visible.</doc>
<status status="PASS" start="2026-02-14T21:14:30.813252" elapsed="0.024829"/>
</kw>
<kw name="Wait Until Element Contains" owner="SeleniumLibrary">
<arg>${login_page}[title]</arg>
<arg>${expectedResult}[title]</arg>
<doc>Waits until the element ``locator`` contains ``text``.</doc>
<status status="PASS" start="2026-02-14T21:14:30.838081" elapsed="0.021194"/>
</kw>
<kw name="Wait Until Element Is Visible" owner="SeleniumLibrary">
<arg>${login_page}[description]</arg>
<doc>Waits until the element ``locator`` is visible.</doc>
<status status="PASS" start="2026-02-14T21:14:30.859275" elapsed="0.021748"/>
</kw>
<kw name="Wait Until Element Contains" owner="SeleniumLibrary">
<arg>${login_page}[description]</arg>
<arg>${expectedResult}[description]</arg>
<doc>Waits until the element ``locator`` contains ``text``.</doc>
<status status="PASS" start="2026-02-14T21:14:30.882117" elapsed="0.013417"/>
</kw>
<kw name="Wait Until Element Is Visible" owner="SeleniumLibrary">
<arg>${login_page}[username_label]</arg>
<doc>Waits until the element ``locator`` is visible.</doc>
<status status="PASS" start="2026-02-14T21:14:30.895534" elapsed="0.018378"/>
</kw>
<kw name="Wait Until Element Contains" owner="SeleniumLibrary">
<arg>${login_page}[username_label]</arg>
<arg>${expectedResult}[username_label]</arg>
<doc>Waits until the element ``locator`` contains ``text``.</doc>
<status status="PASS" start="2026-02-14T21:14:30.914945" elapsed="0.012971"/>
</kw>
<kw name="Wait Until Element Is Visible" owner="SeleniumLibrary">
<arg>${login_page}[username_field]</arg>
<doc>Waits until the element ``locator`` is visible.</doc>
<status status="PASS" start="2026-02-14T21:14:30.927916" elapsed="0.017433"/>
</kw>
<kw name="Wait Until Element Is Visible" owner="SeleniumLibrary">
<arg>${login_page}[password_label]</arg>
<doc>Waits until the element ``locator`` is visible.</doc>
<status status="PASS" start="2026-02-14T21:14:30.945349" elapsed="0.022301"/>
</kw>
<kw name="Wait Until Element Contains" owner="SeleniumLibrary">
<arg>${login_page}[password_label]</arg>
<arg>${expectedResult}[password_label]</arg>
<doc>Waits until the element ``locator`` contains ``text``.</doc>
<status status="PASS" start="2026-02-14T21:14:30.967650" elapsed="0.014128"/>
</kw>
<kw name="Wait Until Element Is Visible" owner="SeleniumLibrary">
<arg>${login_page}[password_field]</arg>
<doc>Waits until the element ``locator`` is visible.</doc>
<status status="PASS" start="2026-02-14T21:14:30.982785" elapsed="0.018162"/>
</kw>
<kw name="Wait Until Element Is Visible" owner="SeleniumLibrary">
<arg>${login_page}[login_button]</arg>
<doc>Waits until the element ``locator`` is visible.</doc>
<status status="PASS" start="2026-02-14T21:14:31.002043" elapsed="0.017886"/>
</kw>
<kw name="Wait Until Element Contains" owner="SeleniumLibrary">
<arg>${login_page}[login_button]</arg>
<arg>${expectedResult}[login_button]</arg>
<doc>Waits until the element ``locator`` contains ``text``.</doc>
<status status="PASS" start="2026-02-14T21:14:31.019929" elapsed="0.012584"/>
</kw>
<arg>${expected_login_page}</arg>
<doc>Verify that all elements on the login page are visible</doc>
<status status="PASS" start="2026-02-14T21:14:30.812250" elapsed="0.220263"/>
</kw>
<kw name="Login with username and password" owner="login_keyword">
<kw name="Input Text" owner="SeleniumLibrary">
<msg time="2026-02-14T21:14:31.033761" level="INFO">Typing text 'tomsmith' into text field '//input[@id='username']'.</msg>
<arg>${login_page}[username_field]</arg>
<arg>${username}</arg>
<doc>Types the given ``text`` into the text field identified by ``locator``.</doc>
<status status="PASS" start="2026-02-14T21:14:31.033761" elapsed="0.097605"/>
</kw>
<kw name="Input Text" owner="SeleniumLibrary">
<msg time="2026-02-14T21:14:31.131366" level="INFO">Typing text 'Password!' into text field '//input[@id='password']'.</msg>
<arg>${login_page}[password_field]</arg>
<arg>${password}</arg>
<doc>Types the given ``text`` into the text field identified by ``locator``.</doc>
<status status="PASS" start="2026-02-14T21:14:31.131366" elapsed="0.084448"/>
</kw>
<kw name="Click Button" owner="SeleniumLibrary">
<msg time="2026-02-14T21:14:31.216843" level="INFO">Clicking button '//button[@type='submit']'.</msg>
<arg>${login_page}[login_button]</arg>
<doc>Clicks the button identified by ``locator``.</doc>
<status status="PASS" start="2026-02-14T21:14:31.216843" elapsed="0.932111"/>
</kw>
<arg>${login_data_test}[valid_username]</arg>
<arg>${login_data_test}[invalid_password]</arg>
<doc>Test login functionality with valid credentials</doc>
<status status="PASS" start="2026-02-14T21:14:31.033761" elapsed="1.115193"/>
</kw>
<kw name="Verify Login Page Elements After Login With Password Failed" owner="login_keyword">
<kw name="Wait Until Element Is Visible" owner="SeleniumLibrary">
<arg>${login_page}[message]</arg>
<doc>Waits until the element ``locator`` is visible.</doc>
<status status="PASS" start="2026-02-14T21:14:32.150371" elapsed="0.024400"/>
</kw>
<kw name="Wait Until Element Contains" owner="SeleniumLibrary">
<arg>${login_page}[message]</arg>
<arg>${expectedResult}[message][invalid_password]</arg>
<doc>Waits until the element ``locator`` contains ``text``.</doc>
<status status="PASS" start="2026-02-14T21:14:32.174771" elapsed="0.018473"/>
</kw>
<kw name="Wait Until Element Is Visible" owner="SeleniumLibrary">
<arg>${login_page}[title]</arg>
<doc>Waits until the element ``locator`` is visible.</doc>
<status status="PASS" start="2026-02-14T21:14:32.193244" elapsed="0.015083"/>
</kw>
<kw name="Wait Until Element Contains" owner="SeleniumLibrary">
<arg>${login_page}[title]</arg>
<arg>${expectedResult}[title]</arg>
<doc>Waits until the element ``locator`` contains ``text``.</doc>
<status status="PASS" start="2026-02-14T21:14:32.208327" elapsed="0.011842"/>
</kw>
<kw name="Wait Until Element Is Visible" owner="SeleniumLibrary">
<arg>${login_page}[description]</arg>
<doc>Waits until the element ``locator`` is visible.</doc>
<status status="PASS" start="2026-02-14T21:14:32.221673" elapsed="0.013256"/>
</kw>
<kw name="Wait Until Element Contains" owner="SeleniumLibrary">
<arg>${login_page}[description]</arg>
<arg>${expectedResult}[description]</arg>
<doc>Waits until the element ``locator`` contains ``text``.</doc>
<status status="PASS" start="2026-02-14T21:14:32.234929" elapsed="0.012282"/>
</kw>
<kw name="Wait Until Element Is Visible" owner="SeleniumLibrary">
<arg>${login_page}[username_label]</arg>
<doc>Waits until the element ``locator`` is visible.</doc>
<status status="PASS" start="2026-02-14T21:14:32.247211" elapsed="0.014039"/>
</kw>
<kw name="Wait Until Element Contains" owner="SeleniumLibrary">
<arg>${login_page}[username_label]</arg>
<arg>${expectedResult}[username_label]</arg>
<doc>Waits until the element ``locator`` contains ``text``.</doc>
<status status="PASS" start="2026-02-14T21:14:32.262249" elapsed="0.015027"/>
</kw>
<kw name="Wait Until Element Is Visible" owner="SeleniumLibrary">
<arg>${login_page}[username_field]</arg>
<doc>Waits until the element ``locator`` is visible.</doc>
<status status="PASS" start="2026-02-14T21:14:32.277276" elapsed="0.014038"/>
</kw>
<kw name="Wait Until Element Is Visible" owner="SeleniumLibrary">
<arg>${login_page}[password_label]</arg>
<doc>Waits until the element ``locator`` is visible.</doc>
<status status="PASS" start="2026-02-14T21:14:32.292316" elapsed="0.014255"/>
</kw>
<kw name="Wait Until Element Contains" owner="SeleniumLibrary">
<arg>${login_page}[password_label]</arg>
<arg>${expectedResult}[password_label]</arg>
<doc>Waits until the element ``locator`` contains ``text``.</doc>
<status status="PASS" start="2026-02-14T21:14:32.306571" elapsed="0.011811"/>
</kw>
<kw name="Wait Until Element Is Visible" owner="SeleniumLibrary">
<arg>${login_page}[password_field]</arg>
<doc>Waits until the element ``locator`` is visible.</doc>
<status status="PASS" start="2026-02-14T21:14:32.319450" elapsed="0.013952"/>
</kw>
<kw name="Wait Until Element Is Visible" owner="SeleniumLibrary">
<arg>${login_page}[login_button]</arg>
<doc>Waits until the element ``locator`` is visible.</doc>
<status status="PASS" start="2026-02-14T21:14:32.334594" elapsed="0.012036"/>
</kw>
<kw name="Wait Until Element Contains" owner="SeleniumLibrary">
<arg>${login_page}[login_button]</arg>
<arg>${expectedResult}[login_button]</arg>
<doc>Waits until the element ``locator`` contains ``text``.</doc>
<status status="PASS" start="2026-02-14T21:14:32.347636" elapsed="0.012385"/>
</kw>
<arg>${expected_login_page}</arg>
<doc>Verify that all elements on the login page are visible</doc>
<status status="PASS" start="2026-02-14T21:14:32.148954" elapsed="0.211067"/>
</kw>
<kw name="Close Browser" owner="SeleniumLibrary" type="TEARDOWN">
<doc>Closes the current browser.</doc>
<status status="PASS" start="2026-02-14T21:14:32.360021" elapsed="2.280320"/>
</kw>
<doc>Test login functionality with invalid password</doc>
<status status="PASS" start="2026-02-14T21:14:23.321072" elapsed="11.319269"/>
</test>
<status status="PASS" start="2026-02-14T21:13:59.252734" elapsed="35.388980"/>
</suite>
<status status="PASS" start="2026-02-14T21:13:59.213367" elapsed="35.429354"/>
</suite>
<statistics>
<total>
<stat pass="3" fail="0" skip="0">All Tests</stat>
</total>
<tag>
</tag>
<suite>
<stat pass="3" fail="0" skip="0" id="s1" name="Flow">Flow</stat>
<stat pass="3" fail="0" skip="0" id="s1-s1" name="Test">Flow.Test</stat>
</suite>
</statistics>
<errors>
</errors>
</robot>
