<?xml version="1.0" encoding="UTF-8"?>
<robot generator="Robot 7.0 (Python 3.11.9 on win32)" generated="2026-02-13T23:45:31.165505" rpa="false" schemaversion="5">
<suite id="s1" name="Test Swaglabs" source="C:\Users\Asus FA506\Desktop\robot-ui\testCases\test_swaglabs.robot">
<test id="s1-t1" name="Login And Add Product To Cart" line="11">
<kw name="Open Browser" owner="SeleniumLibrary">
<msg time="2026-02-13T23:45:31.404895" level="INFO">Opening browser 'Chrome' to base url 'https://www.saucedemo.com/'.</msg>
<arg>${URL}</arg>
<arg>${BROWSER}</arg>
<doc>Opens a new browser instance to the optional ``url``.</doc>
<status status="PASS" start="2026-02-13T23:45:31.404895" elapsed="6.206044"/>
</kw>
<kw name="Maximize Browser Window" owner="SeleniumLibrary">
<doc>Maximizes current browser window.</doc>
<status status="PASS" start="2026-02-13T23:45:37.610939" elapsed="0.028119"/>
</kw>
<kw name="Input Text" owner="SeleniumLibrary">
<msg time="2026-02-13T23:45:37.639058" level="INFO">Typing text 'standard_user' into text field 'id=user-name'.</msg>
<arg>id=user-name</arg>
<arg>${USERNAME}</arg>
<doc>Types the given ``text`` into the text field identified by ``locator``.</doc>
<status status="PASS" start="2026-02-13T23:45:37.639058" elapsed="0.150796"/>
</kw>
<kw name="Input Text" owner="SeleniumLibrary">
<msg time="2026-02-13T23:45:37.790863" level="INFO">Typing text 'secret_sauce' into text field 'id=password'.</msg>
<arg>id=password</arg>
<arg>${PASSWORD}</arg>
<doc>Types the given ``text`` into the text field identified by ``locator``.</doc>
<status status="PASS" start="2026-02-13T23:45:37.789854" elapsed="0.114904"/>
</kw>
<kw name="Click Button" owner="SeleniumLibrary">
<msg time="2026-02-13T23:45:37.905790" level="INFO">Clicking button 'id=login-button'.</msg>
<arg>id=login-button</arg>
<doc>Clicks the button identified by ``locator``.</doc>
<status status="PASS" start="2026-02-13T23:45:37.905790" elapsed="0.088577"/>
</kw>
<kw name="Wait Until Page Contains" owner="SeleniumLibrary">
<arg>Products</arg>
<doc>Waits until ``text`` appears on the current page.</doc>
<status status="PASS" start="2026-02-13T23:45:37.994367" elapsed="0.014143"/>
</kw>
<kw name="Click Button" owner="SeleniumLibrary">
<msg time="2026-02-13T23:45:38.009514" level="INFO">Clicking button 'id=add-to-cart-sauce-labs-backpack'.</msg>
<arg>id=add-to-cart-sauce-labs-backpack</arg>
<doc>Clicks the button identified by ``locator``.</doc>
<status status="PASS" start="2026-02-13T23:45:38.008510" elapsed="0.085545"/>
</kw>
<kw name="Element Should Contain" owner="SeleniumLibrary">
<msg time="2026-02-13T23:45:38.130847" level="INFO">Element 'class=shopping_cart_badge' contains text '1'.</msg>
<arg>class=shopping_cart_badge</arg>
<arg>1</arg>
<doc>Verifies that element ``locator`` contains text ``expected``.</doc>
<status status="PASS" start="2026-02-13T23:45:38.095300" elapsed="0.035547"/>
</kw>
<kw name="Close Browser" owner="SeleniumLibrary">
<doc>Closes the current browser.</doc>
<status status="PASS" start="2026-02-13T23:45:38.130847" elapsed="2.179173"/>
</kw>
<status status="PASS" start="2026-02-13T23:45:31.403890" elapsed="8.907233"/>
</test>
<status status="PASS" start="2026-02-13T23:45:31.167790" elapsed="9.143333"/>
</suite>
<statistics>
<total>
<stat pass="1" fail="0" skip="0">All Tests</stat>
</total>
<tag>
</tag>
<suite>
<stat pass="1" fail="0" skip="0" id="s1" name="Test Swaglabs">Test Swaglabs</stat>
</suite>
</statistics>
<errors>
</errors>
</robot>
